[2021-10-14 12:14:12] local.ERROR: View [posts] not found. {"exception":"[object] (InvalidArgumentException(code: 0): View [posts] not found. at C:\\Users\\ASUS\\Dropbox\\My PC (LAPTOP-3N2FMTVS)\\Documents\\Applications\\prakweb2021_laravel_193040072\\coba-laravel\\vendor\\laravel\\framework\\src\\Illuminate\\View\\FileViewFinder.php:137)
[stacktrace]
#0 C:\\Users\\ASUS\\Dropbox\\My PC (LAPTOP-3N2FMTVS)\\Documents\\Applications\\prakweb2021_laravel_193040072\\coba-laravel\\vendor\\laravel\\framework\\src\\Illuminate\\View\\FileViewFinder.php(79): Illuminate\\View\\FileViewFinder->findInPaths('posts', Array)
#1 C:\\Users\\ASUS\\Dropbox\\My PC (LAPTOP-3N2FMTVS)\\Documents\\Applications\\prakweb2021_laravel_193040072\\coba-laravel\\vendor\\laravel\\framework\\src\\Illuminate\\View\\Factory.php(138): Illuminate\\View\\FileViewFinder->find('posts')
#2 C:\\Users\\ASUS\\Dropbox\\My PC (LAPTOP-3N2FMTVS)\\Documents\\Applications\\prakweb2021_laravel_193040072\\coba-laravel\\vendor\\laravel\\framework\\src\\Illuminate\\Foundation\\helpers.php(919): Illuminate\\View\\Factory->make('posts', Array, Array)
#3 C:\\Users\\ASUS\\Dropbox\\My PC (LAPTOP-3N2FMTVS)\\Documents\\Applications\\prakweb2021_laravel_193040072\\coba-laravel\outes\\web.php(25): view('posts')
#4 C:\\Users\\ASUS\\Dropbox\\My PC (LAPTOP-3N2FMTVS)\\Documents\\Applications\\prakweb2021_laravel_193040072\\coba-laravel\\vendor\\laravel\\framework\\src\\Illuminate\\Routing\\Route.php(238): Illuminate\\Routing\\RouteFileRegistrar->{closure}()
#5 C:\\Users\\ASUS\\Dropbox\\My PC (LAPTOP-3N2FMTVS)\\Documents\\Applications\\prakweb2021_laravel_193040072\\coba-laravel\\vendor\\laravel\\framework\\src\\Illuminate\\Routing\\Route.php(208): Illuminate\\Routing\\Route->runCallable()
#6 C:\\Users\\ASUS\\Dropbox\\My PC (LAPTOP-3N2FMTVS)\\Documents\\Applications\\prakweb2021_laravel_193040072\\coba-laravel\\vendor\\laravel\\framework\\src\\Illuminate\\Routing\\Router.php(695): Illuminate\\Routing\\Route->run()
#7 C:\\Users\\ASUS\\Dropbox\\My PC (LAPTOP-3N2FMTVS)\\Documents\\Applications\\prakweb2021_laravel_193040072\\coba-laravel\\vendor\\laravel\\framework\\src\\Illuminate\\Pipeline\\Pipeline.php(128): Illuminate\\Routing\\Router->Illuminate\\Routing\\{closure}(Object(Illuminate\\Http\\Request))
#8 C:\\Users\\ASUS\\Dropbox\\My PC (LAPTOP-3N2FMTVS)\\Documents\\Applications\\prakweb2021_laravel_193040072\\coba-laravel\\vendor\\laravel\\framework\\src\\Illuminate\\Routing\\Middleware\\SubstituteBindings.php(50): Illuminate\\Pipeline\\Pipeline->Illuminate\\Pipeline\\{closure}(Object(Illuminate\\Http\\Request))
#9 C:\\Users\\ASUS\\Dropbox\\My PC (LAPTOP-3N2FMTVS)\\Documents\\Applications\\prakweb2021_laravel_193040072\\coba-laravel\\vendor\\laravel\\framework\\src\\Illuminate\\Pipeline\\Pipeline.php(167): Illuminate\\Routing\\Middleware\\SubstituteBindings->handle(Object(Illuminate\\Http\\Request), Object(Closure))
#10 C:\\Users\\ASUS\\Dropbox\\My PC (LAPTOP-3N2FMTVS)\\Documents\\Applications\\prakweb2021_laravel_193040072\\coba-laravel\\vendor\\laravel\\framework\\src\\Illuminate\\Foundation\\Http\\Middleware\\VerifyCsrfToken.php(78): Illuminate\\Pipeline\\Pipeline->Illuminate\\Pipeline\\{closure}(Object(Illuminate\\Http\\Request))
#11 C:\\Users\\ASUS\\Dropbox\\My PC (LAPTOP-3N2FMTVS)\\Documents\\Applications\\prakweb2021_laravel_193040072\\coba-laravel\\vendor\\laravel\\framework\\src\\Illuminate\\Pipeline\\Pipeline.php(167): Illuminate\\Foundation\\Http\\Middleware\\VerifyCsrfToken->handle(Object(Illuminate\\Http\\Request), Object(Closure))
#12 C:\\Users\\ASUS\\Dropbox\\My PC (LAPTOP-3N2FMTVS)\\Documents\\Applications\\prakweb2021_laravel_193040072\\coba-laravel\\vendor\\laravel\\framework\\src\\Illuminate\\View\\Middleware\\ShareErrorsFromSession.php(49): Illuminate\\Pipeline\\Pipeline->Illuminate\\Pipeline\\{closure}(Object(Illuminate\\Http\\Request))
#13 C:\\Users\\ASUS\\Dropbox\\My PC (LAPTOP-3N2FMTVS)\\Documents\\Applications\\prakweb2021_laravel_193040072\\coba-laravel\\vendor\\laravel\\framework\\src\\Illuminate\\Pipeline\\Pipeline.php(167): Illuminate\\View\\Middleware\\ShareErrorsFromSession->handle(Object(Illuminate\\Http\\Request), Object(Closure))
#14 C:\\Users\\ASUS\\Dropbox\\My PC (LAPTOP-3N2FMTVS)\\Documents\\Applications\\prakweb2021_laravel_193040072\\coba-laravel\\vendor\\laravel\\framework\\src\\Illuminate\\Session\\Middleware\\StartSession.php(121): Illuminate\\Pipeline\\Pipeline->Illuminate\\Pipeline\\{closure}(Object(Illuminate\\Http\\Request))
#15 C:\\Users\\ASUS\\Dropbox\\My PC (LAPTOP-3N2FMTVS)\\Documents\\Applications\\prakweb2021_laravel_193040072\\coba-laravel\\vendor\\laravel\\framework\\src\\Illuminate\\Session\\Middleware\\StartSession.php(64): Illuminate\\Session\\Middleware\\StartSession->handleStatefulRequest(Object(Illuminate\\Http\\Request), Object(Illuminate\\Session\\Store), Object(Closure))
#16 C:\\Users\\ASUS\\Dropbox\\My PC (LAPTOP-3N2FMTVS)\\Documents\\Applications\\prakweb2021_laravel_193040072\\coba-laravel\\vendor\\laravel\\framework\\src\\Illuminate\\Pipeline\\Pipeline.php(167): Illuminate\\Session\\Middleware\\StartSession->handle(Object(Illuminate\\Http\\Request), Object(Closure))
#17 C:\\Users\\ASUS\\Dropbox\\My PC (LAPTOP-3N2FMTVS)\\Documents\\Applications\\prakweb2021_laravel_193040072\\coba-laravel\\vendor\\laravel\\framework\\src\\Illuminate\\Cookie\\Middleware\\AddQueuedCookiesToResponse.php(37): Illuminate\\Pipeline\\Pipeline->Illuminate\\Pipeline\\{closure}(Object(Illuminate\\Http\\Request))
#18 C:\\Users\\ASUS\\Dropbox\\My PC (LAPTOP-3N2FMTVS)\\Documents\\Applications\\prakweb2021_laravel_193040072\\coba-laravel\\vendor\\laravel\\framework\\src\\Illuminate\\Pipeline\\Pipeline.php(167): Illuminate\\Cookie\\Middleware\\AddQueuedCookiesToResponse->handle(Object(Illuminate\\Http\\Request), Object(Closure))
#19 C:\\Users\\ASUS\\Dropbox\\My PC (LAPTOP-3N2FMTVS)\\Documents\\Applications\\prakweb2021_laravel_193040072\\coba-laravel\\vendor\\laravel\\framework\\src\\Illuminate\\Cookie\\Middleware\\EncryptCookies.php(67): Illuminate\\Pipeline\\Pipeline->Illuminate\\Pipeline\\{closure}(Object(Illuminate\\Http\\Request))
#20 C:\\Users\\ASUS\\Dropbox\\My PC (LAPTOP-3N2FMTVS)\\Documents\\Applications\\prakweb2021_laravel_193040072\\coba-laravel\\vendor\\laravel\\framework\\src\\Illuminate\\Pipeline\\Pipeline.php(167): Illuminate\\Cookie\\Middleware\\EncryptCookies->handle(Object(Illuminate\\Http\\Request), Object(Closure))
#21 C:\\Users\\ASUS\\Dropbox\\My PC (LAPTOP-3N2FMTVS)\\Documents\\Applications\\prakweb2021_laravel_193040072\\coba-laravel\\vendor\\laravel\\framework\\src\\Illuminate\\Pipeline\\Pipeline.php(103): Illuminate\\Pipeline\\Pipeline->Illuminate\\Pipeline\\{closure}(Object(Illuminate\\Http\\Request))
#22 C:\\Users\\ASUS\\Dropbox\\My PC (LAPTOP-3N2FMTVS)\\Documents\\Applications\\prakweb2021_laravel_193040072\\coba-laravel\\vendor\\laravel\\framework\\src\\Illuminate\\Routing\\Router.php(697): Illuminate\\Pipeline\\Pipeline->then(Object(Closure))
#23 C:\\Users\\ASUS\\Dropbox\\My PC (LAPTOP-3N2FMTVS)\\Documents\\Applications\\prakweb2021_laravel_193040072\\coba-laravel\\vendor\\laravel\\framework\\src\\Illuminate\\Routing\\Router.php(672): Illuminate\\Routing\\Router->runRouteWithinStack(Object(Illuminate\\Routing\\Route), Object(Illuminate\\Http\\Request))
#24 C:\\Users\\ASUS\\Dropbox\\My PC (LAPTOP-3N2FMTVS)\\Documents\\Applications\\prakweb2021_laravel_193040072\\coba-laravel\\vendor\\laravel\\framework\\src\\Illuminate\\Routing\\Router.php(636): Illuminate\\Routing\\Router->runRoute(Object(Illuminate\\Http\\Request), Object(Illuminate\\Routing\\Route))
#25 C:\\Users\\ASUS\\Dropbox\\My PC (LAPTOP-3N2FMTVS)\\Documents\\Applications\\prakweb2021_laravel_193040072\\coba-laravel\\vendor\\laravel\\framework\\src\\Illuminate\\Routing\\Router.php(625): Illuminate\\Routing\\Router->dispatchToRoute(Object(Illuminate\\Http\\Request))
#26 C:\\Users\\ASUS\\Dropbox\\My PC (LAPTOP-3N2FMTVS)\\Documents\\Applications\\prakweb2021_laravel_193040072\\coba-laravel\\vendor\\laravel\\framework\\src\\Illuminate\\Foundation\\Http\\Kernel.php(166): Illuminate\\Routing\\Router->dispatch(Object(Illuminate\\Http\\Request))
#27 C:\\Users\\ASUS\\Dropbox\\My PC (LAPTOP-3N2FMTVS)\\Documents\\Applications\\prakweb2021_laravel_193040072\\coba-laravel\\vendor\\laravel\\framework\\src\\Illuminate\\Pipeline\\Pipeline.php(128): Illuminate\\Foundation\\Http\\Kernel->Illuminate\\Foundation\\Http\\{closure}(Object(Illuminate\\Http\\Request))
#28 C:\\Users\\ASUS\\Dropbox\\My PC (LAPTOP-3N2FMTVS)\\Documents\\Applications\\prakweb2021_laravel_193040072\\coba-laravel\\vendor\\laravel\\framework\\src\\Illuminate\\Foundation\\Http\\Middleware\\TransformsRequest.php(21): Illuminate\\Pipeline\\Pipeline->Illuminate\\Pipeline\\{closure}(Object(Illuminate\\Http\\Request))
#29 C:\\Users\\ASUS\\Dropbox\\My PC (LAPTOP-3N2FMTVS)\\Documents\\Applications\\prakweb2021_laravel_193040072\\coba-laravel\\vendor\\laravel\\framework\\src\\Illuminate\\Foundation\\Http\\Middleware\\ConvertEmptyStringsToNull.php(31): Illuminate\\Foundation\\Http\\Middleware\\TransformsRequest->handle(Object(Illuminate\\Http\\Request), Object(Closure))
#30 C:\\Users\\ASUS\\Dropbox\\My PC (LAPTOP-3N2FMTVS)\\Documents\\Applications\\prakweb2021_laravel_193040072\\coba-laravel\\vendor\\laravel\\framework\\src\\Illuminate\\Pipeline\\Pipeline.php(167): Illuminate\\Foundation\\Http\\Middleware\\ConvertEmptyStringsToNull->handle(Object(Illuminate\\Http\\Request), Object(Closure))
#31 C:\\Users\\ASUS\\Dropbox\\My PC (LAPTOP-3N2FMTVS)\\Documents\\Applications\\prakweb2021_laravel_193040072\\coba-laravel\\vendor\\laravel\\framework\\src\\Illuminate\\Foundation\\Http\\Middleware\\TransformsRequest.php(21): Illuminate\\Pipeline\\Pipeline->Illuminate\\Pipeline\\{closure}(Object(Illuminate\\Http\\Request))
#32 C:\\Users\\ASUS\\Dropbox\\My PC (LAPTOP-3N2FMTVS)\\Documents\\Applications\\prakweb2021_laravel_193040072\\coba-laravel\\vendor\\laravel\\framework\\src\\Illuminate\\Foundation\\Http\\Middleware\\TrimStrings.php(40): Illuminate\\Foundation\\Http\\Middleware\\TransformsRequest->handle(Object(Illuminate\\Http\\Request), Object(Closure))
#33 C:\\Users\\ASUS\\Dropbox\\My PC (LAPTOP-3N2FMTVS)\\Documents\\Applications\\prakweb2021_laravel_193040072\\coba-laravel\\vendor\\laravel\\framework\\src\\Illuminate\\Pipeline\\Pipeline.php(167): Illuminate\\Foundation\\Http\\Middleware\\TrimStrings->handle(Object(Illuminate\\Http\\Request), Object(Closure))
#34 C:\\Users\\ASUS\\Dropbox\\My PC (LAPTOP-3N2FMTVS)\\Documents\\Applications\\prakweb2021_laravel_193040072\\coba-laravel\\vendor\\laravel\\framework\\src\\Illuminate\\Foundation\\Http\\Middleware\\ValidatePostSize.php(27): Illuminate\\Pipeline\\Pipeline->Illuminate\\Pipeline\\{closure}(Object(Illuminate\\Http\\Request))
#35 C:\\Users\\ASUS\\Dropbox\\My PC (LAPTOP-3N2FMTVS)\\Documents\\Applications\\prakweb2021_laravel_193040072\\coba-laravel\\vendor\\laravel\\framework\\src\\Illuminate\\Pipeline\\Pipeline.php(167): Illuminate\\Foundation\\Http\\Middleware\\ValidatePostSize->handle(Object(Illuminate\\Http\\Request), Object(Closure))
#36 C:\\Users\\ASUS\\Dropbox\\My PC (LAPTOP-3N2FMTVS)\\Documents\\Applications\\prakweb2021_laravel_193040072\\coba-laravel\\vendor\\laravel\\framework\\src\\Illuminate\\Foundation\\Http\\Middleware\\PreventRequestsDuringMaintenance.php(86): Illuminate\\Pipeline\\Pipeline->Illuminate\\Pipeline\\{closure}(Object(Illuminate\\Http\\Request))
#37 C:\\Users\\ASUS\\Dropbox\\My PC (LAPTOP-3N2FMTVS)\\Documents\\Applications\\prakweb2021_laravel_193040072\\coba-laravel\\vendor\\laravel\\framework\\src\\Illuminate\\Pipeline\\Pipeline.php(167): Illuminate\\Foundation\\Http\\Middleware\\PreventRequestsDuringMaintenance->handle(Object(Illuminate\\Http\\Request), Object(Closure))
#38 C:\\Users\\ASUS\\Dropbox\\My PC (LAPTOP-3N2FMTVS)\\Documents\\Applications\\prakweb2021_laravel_193040072\\coba-laravel\\vendor\\fruitcake\\laravel-cors\\src\\HandleCors.php(38): Illuminate\\Pipeline\\Pipeline->Illuminate\\Pipeline\\{closure}(Object(Illuminate\\Http\\Request))
#39 C:\\Users\\ASUS\\Dropbox\\My PC (LAPTOP-3N2FMTVS)\\Documents\\Applications\\prakweb2021_laravel_193040072\\coba-laravel\\vendor\\laravel\\framework\\src\\Illuminate\\Pipeline\\Pipeline.php(167): Fruitcake\\Cors\\HandleCors->handle(Object(Illuminate\\Http\\Request), Object(Closure))
#40 C:\\Users\\ASUS\\Dropbox\\My PC (LAPTOP-3N2FMTVS)\\Documents\\Applications\\prakweb2021_laravel_193040072\\coba-laravel\\vendor\\laravel\\framework\\src\\Illuminate\\Http\\Middleware\\TrustProxies.php(39): Illuminate\\Pipeline\\Pipeline->Illuminate\\Pipeline\\{closure}(Object(Illuminate\\Http\\Request))
#41 C:\\Users\\ASUS\\Dropbox\\My PC (LAPTOP-3N2FMTVS)\\Documents\\Applications\\prakweb2021_laravel_193040072\\coba-laravel\\vendor\\laravel\\framework\\src\\Illuminate\\Pipeline\\Pipeline.php(167): Illuminate\\Http\\Middleware\\TrustProxies->handle(Object(Illuminate\\Http\\Request), Object(Closure))
#42 C:\\Users\\ASUS\\Dropbox\\My PC (LAPTOP-3N2FMTVS)\\Documents\\Applications\\prakweb2021_laravel_193040072\\coba-laravel\\vendor\\laravel\\framework\\src\\Illuminate\\Pipeline\\Pipeline.php(103): Illuminate\\Pipeline\\Pipeline->Illuminate\\Pipeline\\{closure}(Object(Illuminate\\Http\\Request))
#43 C:\\Users\\ASUS\\Dropbox\\My PC (LAPTOP-3N2FMTVS)\\Documents\\Applications\\prakweb2021_laravel_193040072\\coba-laravel\\vendor\\laravel\\framework\\src\\Illuminate\\Foundation\\Http\\Kernel.php(141): Illuminate\\Pipeline\\Pipeline->then(Object(Closure))
#44 C:\\Users\\ASUS\\Dropbox\\My PC (LAPTOP-3N2FMTVS)\\Documents\\Applications\\prakweb2021_laravel_193040072\\coba-laravel\\vendor\\laravel\\framework\\src\\Illuminate\\Foundation\\Http\\Kernel.php(110): Illuminate\\Foundation\\Http\\Kernel->sendRequestThroughRouter(Object(Illuminate\\Http\\Request))
#45 C:\\Users\\ASUS\\Dropbox\\My PC (LAPTOP-3N2FMTVS)\\Documents\\Applications\\prakweb2021_laravel_193040072\\coba-laravel\\public\\index.php(52): Illuminate\\Foundation\\Http\\Kernel->handle(Object(Illuminate\\Http\\Request))
#46 C:\\Users\\ASUS\\Dropbox\\My PC (LAPTOP-3N2FMTVS)\\Documents\\Applications\\prakweb2021_laravel_193040072\\coba-laravel\\server.php(21): require_once('C:\\\\Users\\\\ASUS\\\\D...')
#47 {main}
"} 
[2021-10-14 12:15:06] local.ERROR: View [posts] not found. {"exception":"[object] (InvalidArgumentException(code: 0): View [posts] not found. at C:\\Users\\ASUS\\Dropbox\\My PC (LAPTOP-3N2FMTVS)\\Documents\\Applications\\prakweb2021_laravel_193040072\\coba-laravel\\vendor\\laravel\\framework\\src\\Illuminate\\View\\FileViewFinder.php:137)
[stacktrace]
#0 C:\\Users\\ASUS\\Dropbox\\My PC (LAPTOP-3N2FMTVS)\\Documents\\Applications\\prakweb2021_laravel_193040072\\coba-laravel\\vendor\\laravel\\framework\\src\\Illuminate\\View\\FileViewFinder.php(79): Illuminate\\View\\FileViewFinder->findInPaths('posts', Array)
#1 C:\\Users\\ASUS\\Dropbox\\My PC (LAPTOP-3N2FMTVS)\\Documents\\Applications\\prakweb2021_laravel_193040072\\coba-laravel\\vendor\\laravel\\framework\\src\\Illuminate\\View\\Factory.php(138): Illuminate\\View\\FileViewFinder->find('posts')
#2 C:\\Users\\ASUS\\Dropbox\\My PC (LAPTOP-3N2FMTVS)\\Documents\\Applications\\prakweb2021_laravel_193040072\\coba-laravel\\vendor\\laravel\\framework\\src\\Illuminate\\Foundation\\helpers.php(919): Illuminate\\View\\Factory->make('posts', Array, Array)
#3 C:\\Users\\ASUS\\Dropbox\\My PC (LAPTOP-3N2FMTVS)\\Documents\\Applications\\prakweb2021_laravel_193040072\\coba-laravel\outes\\web.php(25): view('posts')
#4 C:\\Users\\ASUS\\Dropbox\\My PC (LAPTOP-3N2FMTVS)\\Documents\\Applications\\prakweb2021_laravel_193040072\\coba-laravel\\vendor\\laravel\\framework\\src\\Illuminate\\Routing\\Route.php(238): Illuminate\\Routing\\RouteFileRegistrar->{closure}()
#5 C:\\Users\\ASUS\\Dropbox\\My PC (LAPTOP-3N2FMTVS)\\Documents\\Applications\\prakweb2021_laravel_193040072\\coba-laravel\\vendor\\laravel\\framework\\src\\Illuminate\\Routing\\Route.php(208): Illuminate\\Routing\\Route->runCallable()
#6 C:\\Users\\ASUS\\Dropbox\\My PC (LAPTOP-3N2FMTVS)\\Documents\\Applications\\prakweb2021_laravel_193040072\\coba-laravel\\vendor\\laravel\\framework\\src\\Illuminate\\Routing\\Router.php(695): Illuminate\\Routing\\Route->run()
#7 C:\\Users\\ASUS\\Dropbox\\My PC (LAPTOP-3N2FMTVS)\\Documents\\Applications\\prakweb2021_laravel_193040072\\coba-laravel\\vendor\\laravel\\framework\\src\\Illuminate\\Pipeline\\Pipeline.php(128): Illuminate\\Routing\\Router->Illuminate\\Routing\\{closure}(Object(Illuminate\\Http\\Request))
#8 C:\\Users\\ASUS\\Dropbox\\My PC (LAPTOP-3N2FMTVS)\\Documents\\Applications\\prakweb2021_laravel_193040072\\coba-laravel\\vendor\\laravel\\framework\\src\\Illuminate\\Routing\\Middleware\\SubstituteBindings.php(50): Illuminate\\Pipeline\\Pipeline->Illuminate\\Pipeline\\{closure}(Object(Illuminate\\Http\\Request))
#9 C:\\Users\\ASUS\\Dropbox\\My PC (LAPTOP-3N2FMTVS)\\Documents\\Applications\\prakweb2021_laravel_193040072\\coba-laravel\\vendor\\laravel\\framework\\src\\Illuminate\\Pipeline\\Pipeline.php(167): Illuminate\\Routing\\Middleware\\SubstituteBindings->handle(Object(Illuminate\\Http\\Request), Object(Closure))
#10 C:\\Users\\ASUS\\Dropbox\\My PC (LAPTOP-3N2FMTVS)\\Documents\\Applications\\prakweb2021_laravel_193040072\\coba-laravel\\vendor\\laravel\\framework\\src\\Illuminate\\Foundation\\Http\\Middleware\\VerifyCsrfToken.php(78): Illuminate\\Pipeline\\Pipeline->Illuminate\\Pipeline\\{closure}(Object(Illuminate\\Http\\Request))
#11 C:\\Users\\ASUS\\Dropbox\\My PC (LAPTOP-3N2FMTVS)\\Documents\\Applications\\prakweb2021_laravel_193040072\\coba-laravel\\vendor\\laravel\\framework\\src\\Illuminate\\Pipeline\\Pipeline.php(167): Illuminate\\Foundation\\Http\\Middleware\\VerifyCsrfToken->handle(Object(Illuminate\\Http\\Request), Object(Closure))
#12 C:\\Users\\ASUS\\Dropbox\\My PC (LAPTOP-3N2FMTVS)\\Documents\\Applications\\prakweb2021_laravel_193040072\\coba-laravel\\vendor\\laravel\\framework\\src\\Illuminate\\View\\Middleware\\ShareErrorsFromSession.php(49): Illuminate\\Pipeline\\Pipeline->Illuminate\\Pipeline\\{closure}(Object(Illuminate\\Http\\Request))
#13 C:\\Users\\ASUS\\Dropbox\\My PC (LAPTOP-3N2FMTVS)\\Documents\\Applications\\prakweb2021_laravel_193040072\\coba-laravel\\vendor\\laravel\\framework\\src\\Illuminate\\Pipeline\\Pipeline.php(167): Illuminate\\View\\Middleware\\ShareErrorsFromSession->handle(Object(Illuminate\\Http\\Request), Object(Closure))
#14 C:\\Users\\ASUS\\Dropbox\\My PC (LAPTOP-3N2FMTVS)\\Documents\\Applications\\prakweb2021_laravel_193040072\\coba-laravel\\vendor\\laravel\\framework\\src\\Illuminate\\Session\\Middleware\\StartSession.php(121): Illuminate\\Pipeline\\Pipeline->Illuminate\\Pipeline\\{closure}(Object(Illuminate\\Http\\Request))
#15 C:\\Users\\ASUS\\Dropbox\\My PC (LAPTOP-3N2FMTVS)\\Documents\\Applications\\prakweb2021_laravel_193040072\\coba-laravel\\vendor\\laravel\\framework\\src\\Illuminate\\Session\\Middleware\\StartSession.php(64): Illuminate\\Session\\Middleware\\StartSession->handleStatefulRequest(Object(Illuminate\\Http\\Request), Object(Illuminate\\Session\\Store), Object(Closure))
#16 C:\\Users\\ASUS\\Dropbox\\My PC (LAPTOP-3N2FMTVS)\\Documents\\Applications\\prakweb2021_laravel_193040072\\coba-laravel\\vendor\\laravel\\framework\\src\\Illuminate\\Pipeline\\Pipeline.php(167): Illuminate\\Session\\Middleware\\StartSession->handle(Object(Illuminate\\Http\\Request), Object(Closure))
#17 C:\\Users\\ASUS\\Dropbox\\My PC (LAPTOP-3N2FMTVS)\\Documents\\Applications\\prakweb2021_laravel_193040072\\coba-laravel\\vendor\\laravel\\framework\\src\\Illuminate\\Cookie\\Middleware\\AddQueuedCookiesToResponse.php(37): Illuminate\\Pipeline\\Pipeline->Illuminate\\Pipeline\\{closure}(Object(Illuminate\\Http\\Request))
#18 C:\\Users\\ASUS\\Dropbox\\My PC (LAPTOP-3N2FMTVS)\\Documents\\Applications\\prakweb2021_laravel_193040072\\coba-laravel\\vendor\\laravel\\framework\\src\\Illuminate\\Pipeline\\Pipeline.php(167): Illuminate\\Cookie\\Middleware\\AddQueuedCookiesToResponse->handle(Object(Illuminate\\Http\\Request), Object(Closure))
#19 C:\\Users\\ASUS\\Dropbox\\My PC (LAPTOP-3N2FMTVS)\\Documents\\Applications\\prakweb2021_laravel_193040072\\coba-laravel\\vendor\\laravel\\framework\\src\\Illuminate\\Cookie\\Middleware\\EncryptCookies.php(67): Illuminate\\Pipeline\\Pipeline->Illuminate\\Pipeline\\{closure}(Object(Illuminate\\Http\\Request))
#20 C:\\Users\\ASUS\\Dropbox\\My PC (LAPTOP-3N2FMTVS)\\Documents\\Applications\\prakweb2021_laravel_193040072\\coba-laravel\\vendor\\laravel\\framework\\src\\Illuminate\\Pipeline\\Pipeline.php(167): Illuminate\\Cookie\\Middleware\\EncryptCookies->handle(Object(Illuminate\\Http\\Request), Object(Closure))
#21 C:\\Users\\ASUS\\Dropbox\\My PC (LAPTOP-3N2FMTVS)\\Documents\\Applications\\prakweb2021_laravel_193040072\\coba-laravel\\vendor\\laravel\\framework\\src\\Illuminate\\Pipeline\\Pipeline.php(103): Illuminate\\Pipeline\\Pipeline->Illuminate\\Pipeline\\{closure}(Object(Illuminate\\Http\\Request))
#22 C:\\Users\\ASUS\\Dropbox\\My PC (LAPTOP-3N2FMTVS)\\Documents\\Applications\\prakweb2021_laravel_193040072\\coba-laravel\\vendor\\laravel\\framework\\src\\Illuminate\\Routing\\Router.php(697): Illuminate\\Pipeline\\Pipeline->then(Object(Closure))
#23 C:\\Users\\ASUS\\Dropbox\\My PC (LAPTOP-3N2FMTVS)\\Documents\\Applications\\prakweb2021_laravel_193040072\\coba-laravel\\vendor\\laravel\\framework\\src\\Illuminate\\Routing\\Router.php(672): Illuminate\\Routing\\Router->runRouteWithinStack(Object(Illuminate\\Routing\\Route), Object(Illuminate\\Http\\Request))
#24 C:\\Users\\ASUS\\Dropbox\\My PC (LAPTOP-3N2FMTVS)\\Documents\\Applications\\prakweb2021_laravel_193040072\\coba-laravel\\vendor\\laravel\\framework\\src\\Illuminate\\Routing\\Router.php(636): Illuminate\\Routing\\Router->runRoute(Object(Illuminate\\Http\\Request), Object(Illuminate\\Routing\\Route))
#25 C:\\Users\\ASUS\\Dropbox\\My PC (LAPTOP-3N2FMTVS)\\Documents\\Applications\\prakweb2021_laravel_193040072\\coba-laravel\\vendor\\laravel\\framework\\src\\Illuminate\\Routing\\Router.php(625): Illuminate\\Routing\\Router->dispatchToRoute(Object(Illuminate\\Http\\Request))
#26 C:\\Users\\ASUS\\Dropbox\\My PC (LAPTOP-3N2FMTVS)\\Documents\\Applications\\prakweb2021_laravel_193040072\\coba-laravel\\vendor\\laravel\\framework\\src\\Illuminate\\Foundation\\Http\\Kernel.php(166): Illuminate\\Routing\\Router->dispatch(Object(Illuminate\\Http\\Request))
#27 C:\\Users\\ASUS\\Dropbox\\My PC (LAPTOP-3N2FMTVS)\\Documents\\Applications\\prakweb2021_laravel_193040072\\coba-laravel\\vendor\\laravel\\framework\\src\\Illuminate\\Pipeline\\Pipeline.php(128): Illuminate\\Foundation\\Http\\Kernel->Illuminate\\Foundation\\Http\\{closure}(Object(Illuminate\\Http\\Request))
#28 C:\\Users\\ASUS\\Dropbox\\My PC (LAPTOP-3N2FMTVS)\\Documents\\Applications\\prakweb2021_laravel_193040072\\coba-laravel\\vendor\\laravel\\framework\\src\\Illuminate\\Foundation\\Http\\Middleware\\TransformsRequest.php(21): Illuminate\\Pipeline\\Pipeline->Illuminate\\Pipeline\\{closure}(Object(Illuminate\\Http\\Request))
#29 C:\\Users\\ASUS\\Dropbox\\My PC (LAPTOP-3N2FMTVS)\\Documents\\Applications\\prakweb2021_laravel_193040072\\coba-laravel\\vendor\\laravel\\framework\\src\\Illuminate\\Foundation\\Http\\Middleware\\ConvertEmptyStringsToNull.php(31): Illuminate\\Foundation\\Http\\Middleware\\TransformsRequest->handle(Object(Illuminate\\Http\\Request), Object(Closure))
#30 C:\\Users\\ASUS\\Dropbox\\My PC (LAPTOP-3N2FMTVS)\\Documents\\Applications\\prakweb2021_laravel_193040072\\coba-laravel\\vendor\\laravel\\framework\\src\\Illuminate\\Pipeline\\Pipeline.php(167): Illuminate\\Foundation\\Http\\Middleware\\ConvertEmptyStringsToNull->handle(Object(Illuminate\\Http\\Request), Object(Closure))
#31 C:\\Users\\ASUS\\Dropbox\\My PC (LAPTOP-3N2FMTVS)\\Documents\\Applications\\prakweb2021_laravel_193040072\\coba-laravel\\vendor\\laravel\\framework\\src\\Illuminate\\Foundation\\Http\\Middleware\\TransformsRequest.php(21): Illuminate\\Pipeline\\Pipeline->Illuminate\\Pipeline\\{closure}(Object(Illuminate\\Http\\Request))
#32 C:\\Users\\ASUS\\Dropbox\\My PC (LAPTOP-3N2FMTVS)\\Documents\\Applications\\prakweb2021_laravel_193040072\\coba-laravel\\vendor\\laravel\\framework\\src\\Illuminate\\Foundation\\Http\\Middleware\\TrimStrings.php(40): Illuminate\\Foundation\\Http\\Middleware\\TransformsRequest->handle(Object(Illuminate\\Http\\Request), Object(Closure))
#33 C:\\Users\\ASUS\\Dropbox\\My PC (LAPTOP-3N2FMTVS)\\Documents\\Applications\\prakweb2021_laravel_193040072\\coba-laravel\\vendor\\laravel\\framework\\src\\Illuminate\\Pipeline\\Pipeline.php(167): Illuminate\\Foundation\\Http\\Middleware\\TrimStrings->handle(Object(Illuminate\\Http\\Request), Object(Closure))
#34 C:\\Users\\ASUS\\Dropbox\\My PC (LAPTOP-3N2FMTVS)\\Documents\\Applications\\prakweb2021_laravel_193040072\\coba-laravel\\vendor\\laravel\\framework\\src\\Illuminate\\Foundation\\Http\\Middleware\\ValidatePostSize.php(27): Illuminate\\Pipeline\\Pipeline->Illuminate\\Pipeline\\{closure}(Object(Illuminate\\Http\\Request))
#35 C:\\Users\\ASUS\\Dropbox\\My PC (LAPTOP-3N2FMTVS)\\Documents\\Applications\\prakweb2021_laravel_193040072\\coba-laravel\\vendor\\laravel\\framework\\src\\Illuminate\\Pipeline\\Pipeline.php(167): Illuminate\\Foundation\\Http\\Middleware\\ValidatePostSize->handle(Object(Illuminate\\Http\\Request), Object(Closure))
#36 C:\\Users\\ASUS\\Dropbox\\My PC (LAPTOP-3N2FMTVS)\\Documents\\Applications\\prakweb2021_laravel_193040072\\coba-laravel\\vendor\\laravel\\framework\\src\\Illuminate\\Foundation\\Http\\Middleware\\PreventRequestsDuringMaintenance.php(86): Illuminate\\Pipeline\\Pipeline->Illuminate\\Pipeline\\{closure}(Object(Illuminate\\Http\\Request))
#37 C:\\Users\\ASUS\\Dropbox\\My PC (LAPTOP-3N2FMTVS)\\Documents\\Applications\\prakweb2021_laravel_193040072\\coba-laravel\\vendor\\laravel\\framework\\src\\Illuminate\\Pipeline\\Pipeline.php(167): Illuminate\\Foundation\\Http\\Middleware\\PreventRequestsDuringMaintenance->handle(Object(Illuminate\\Http\\Request), Object(Closure))
#38 C:\\Users\\ASUS\\Dropbox\\My PC (LAPTOP-3N2FMTVS)\\Documents\\Applications\\prakweb2021_laravel_193040072\\coba-laravel\\vendor\\fruitcake\\laravel-cors\\src\\HandleCors.php(38): Illuminate\\Pipeline\\Pipeline->Illuminate\\Pipeline\\{closure}(Object(Illuminate\\Http\\Request))
#39 C:\\Users\\ASUS\\Dropbox\\My PC (LAPTOP-3N2FMTVS)\\Documents\\Applications\\prakweb2021_laravel_193040072\\coba-laravel\\vendor\\laravel\\framework\\src\\Illuminate\\Pipeline\\Pipeline.php(167): Fruitcake\\Cors\\HandleCors->handle(Object(Illuminate\\Http\\Request), Object(Closure))
#40 C:\\Users\\ASUS\\Dropbox\\My PC (LAPTOP-3N2FMTVS)\\Documents\\Applications\\prakweb2021_laravel_193040072\\coba-laravel\\vendor\\laravel\\framework\\src\\Illuminate\\Http\\Middleware\\TrustProxies.php(39): Illuminate\\Pipeline\\Pipeline->Illuminate\\Pipeline\\{closure}(Object(Illuminate\\Http\\Request))
#41 C:\\Users\\ASUS\\Dropbox\\My PC (LAPTOP-3N2FMTVS)\\Documents\\Applications\\prakweb2021_laravel_193040072\\coba-laravel\\vendor\\laravel\\framework\\src\\Illuminate\\Pipeline\\Pipeline.php(167): Illuminate\\Http\\Middleware\\TrustProxies->handle(Object(Illuminate\\Http\\Request), Object(Closure))
#42 C:\\Users\\ASUS\\Dropbox\\My PC (LAPTOP-3N2FMTVS)\\Documents\\Applications\\prakweb2021_laravel_193040072\\coba-laravel\\vendor\\laravel\\framework\\src\\Illuminate\\Pipeline\\Pipeline.php(103): Illuminate\\Pipeline\\Pipeline->Illuminate\\Pipeline\\{closure}(Object(Illuminate\\Http\\Request))
#43 C:\\Users\\ASUS\\Dropbox\\My PC (LAPTOP-3N2FMTVS)\\Documents\\Applications\\prakweb2021_laravel_193040072\\coba-laravel\\vendor\\laravel\\framework\\src\\Illuminate\\Foundation\\Http\\Kernel.php(141): Illuminate\\Pipeline\\Pipeline->then(Object(Closure))
#44 C:\\Users\\ASUS\\Dropbox\\My PC (LAPTOP-3N2FMTVS)\\Documents\\Applications\\prakweb2021_laravel_193040072\\coba-laravel\\vendor\\laravel\\framework\\src\\Illuminate\\Foundation\\Http\\Kernel.php(110): Illuminate\\Foundation\\Http\\Kernel->sendRequestThroughRouter(Object(Illuminate\\Http\\Request))
#45 C:\\Users\\ASUS\\Dropbox\\My PC (LAPTOP-3N2FMTVS)\\Documents\\Applications\\prakweb2021_laravel_193040072\\coba-laravel\\public\\index.php(52): Illuminate\\Foundation\\Http\\Kernel->handle(Object(Illuminate\\Http\\Request))
#46 C:\\Users\\ASUS\\Dropbox\\My PC (LAPTOP-3N2FMTVS)\\Documents\\Applications\\prakweb2021_laravel_193040072\\coba-laravel\\server.php(21): require_once('C:\\\\Users\\\\ASUS\\\\D...')
#47 {main}
"} 
